<?xml version="1.0" encoding="UTF-8" ?>
<testsuite tests="4" failures="1" name="com.mycompany.tienda.CamisasTest" time="0.012" errors="0" skipped="0">
  <properties>
[...]
</properties>
  <testcase classname="com.mycompany.tienda.CamisasTest" name="com.mycompany.tienda.CamisasTest.testCamisaFor" time="0.004"/>
  <testcase classname="com.mycompany.tienda.CamisasTest" name="com.mycompany.tienda.CamisasTest.testCamisaCort" time="0"/>
  <testcase classname="com.mycompany.tienda.CamisasTest" name="com.mycompany.tienda.CamisasTest.testCamisaCas" time="0.008">
    <failure message="expected: &lt;0&gt; but was: &lt;230&gt;" type="org.opentest4j.AssertionFailedError">org.opentest4j.AssertionFailedError: expected: &lt;0&gt; but was: &lt;230&gt;
	at org.junit.jupiter.api.AssertionUtils.fail(AssertionUtils.java:55)
	at org.junit.jupiter.api.AssertionUtils.failNotEqual(AssertionUtils.java:62)
	at org.junit.jupiter.api.AssertEquals.assertEquals(AssertEquals.java:150)
	at org.junit.jupiter.api.AssertEquals.assertEquals(AssertEquals.java:145)
	at org.junit.jupiter.api.Assertions.assertEquals(Assertions.java:510)
	at com.mycompany.tienda.CamisasTest.testCamisaCas(CamisasTest.java:28)
</failure>
    <system-out>Prueba unitaria de camisas Casuales de manga larga
</system-out>
  </testcase>
  <testcase classname="com.mycompany.tienda.CamisasTest" name="com.mycompany.tienda.CamisasTest.testSumCam" time="0"/>
</testsuite>